<?xml version="1.0" encoding="UTF-8"?>
<!-- Generated by org.testng.reporters.JUnitXMLReporter -->
<testsuite ignored="1" hostname="DESKTOP-RFGG51U" failures="0" tests="4" name="Default test" time="0.279" errors="0" timestamp="2024-11-12T13:39:00 IST">
  <testcase classname="test.AttributesSample" name="signinTest" time="0.026"/>
  <testcase classname="test.AttributesSample" name="signinTest" time="0.028"/>
  <testcase classname="test.AttributesSample" name="signinTest" time="0.027"/>
  <testcase classname="test.AttributesSample" name="loginTest" time="0.004"/>
  <testcase classname="test.AttributesSample" name="searchTest" time="0.0">
    <ignored/>
  </testcase> <!-- searchTest -->
</testsuite> <!-- Default test -->
