<?xml version="1.0" encoding="UTF-8"?>
<!-- Generated by org.testng.reporters.JUnitXMLReporter -->
<testsuite ignored="4" hostname="DESKTOP-JCSH58D" failures="0" tests="4" name="Edge Test" time="48.469" errors="0" timestamp="14 Nov 2024 07:39:36 GMT">
  <testcase classname="test.TC_001_RegisterTest" name="registerTest" time="2.529"/>
  <testcase classname="test.TC_002_LoginTest" name="loginTest" time="2.147"/>
  <testcase classname="test.TC_002_LoginTest" name="loginTest" time="1.835"/>
  <testcase classname="test.TC_003_InvalidLoginTest" name="invalidLogin" time="1.647"/>
  <testcase classname="base.ProjectSepcificationMethods" name="@BeforeSuite reportInitilization" time="0.0">
    <ignored/>
  </testcase> <!-- @BeforeSuite reportInitilization -->
  <testcase classname="base.ProjectSepcificationMethods" name="@BeforeSuite reportInitilization" time="0.0">
    <ignored/>
  </testcase> <!-- @BeforeSuite reportInitilization -->
  <testcase classname="base.ProjectSepcificationMethods" name="@AfterSuite reportClose" time="0.0">
    <ignored/>
  </testcase> <!-- @AfterSuite reportClose -->
  <testcase classname="base.ProjectSepcificationMethods" name="@AfterSuite reportClose" time="0.0">
    <ignored/>
  </testcase> <!-- @AfterSuite reportClose -->
</testsuite> <!-- Edge Test -->
