<?xml version="1.0" encoding="UTF-8"?>
<!-- Generated by org.testng.reporters.JUnitXMLReporter -->
<testsuite ignored="0" hostname="DESKTOP-RFGG51U" failures="0" tests="3" name="Test" time="54.082" errors="0" timestamp="2024-11-13T11:40:08 IST">
  <testcase classname="test.TC_001_RegisterTest" name="registerTest" time="6.601"/>
  <testcase classname="test.TC_002_LoginTest" name="loginTest" time="3.003"/>
  <testcase classname="test.TC_003_InvalidLoginTest" name="invalidLogin" time="2.586"/>
</testsuite> <!-- Test -->
